<?xml version="1.0" encoding="UTF-8"?>
<testsuite xmlns:xsi="http://www.w3.org/2001/XMLSchema-instance" xsi:noNamespaceSchemaLocation="https://maven.apache.org/surefire/maven-surefire-plugin/xsd/surefire-test-report.xsd" version="3.0.1" name="test_scripts.LoginUser" time="27.875" tests="1" errors="0" skipped="0" failures="0">
  <properties>
    <property name="java.specification.version" value="21"/>
    <property name="sun.cpu.isalist" value="amd64"/>
    <property name="sun.jnu.encoding" value="Cp1252"/>
    <property name="java.class.path" value="C:\Users\atulh\OneDrive\Desktop\Selenium\LoveLocal-master\LoveLocal-master\target\test-classes;C:\Users\atulh\OneDrive\Desktop\Selenium\LoveLocal-master\LoveLocal-master\target\classes;C:\Users\atulh\.m2\repository\org\seleniumhq\selenium\selenium-java\4.18.1\selenium-java-4.18.1.jar;C:\Users\atulh\.m2\repository\org\seleniumhq\selenium\selenium-api\4.18.1\selenium-api-4.18.1.jar;C:\Users\atulh\.m2\repository\org\seleniumhq\selenium\selenium-chrome-driver\4.18.1\selenium-chrome-driver-4.18.1.jar;C:\Users\atulh\.m2\repository\com\google\auto\service\auto-service-annotations\1.1.1\auto-service-annotations-1.1.1.jar;C:\Users\atulh\.m2\repository\org\seleniumhq\selenium\selenium-chromium-driver\4.18.1\selenium-chromium-driver-4.18.1.jar;C:\Users\atulh\.m2\repository\org\seleniumhq\selenium\selenium-json\4.18.1\selenium-json-4.18.1.jar;C:\Users\atulh\.m2\repository\org\seleniumhq\selenium\selenium-manager\4.18.1\selenium-manager-4.18.1.jar;C:\Users\atulh\.m2\repository\org\seleniumhq\selenium\selenium-devtools-v120\4.18.1\selenium-devtools-v120-4.18.1.jar;C:\Users\atulh\.m2\repository\org\seleniumhq\selenium\selenium-devtools-v121\4.18.1\selenium-devtools-v121-4.18.1.jar;C:\Users\atulh\.m2\repository\org\seleniumhq\selenium\selenium-devtools-v122\4.18.1\selenium-devtools-v122-4.18.1.jar;C:\Users\atulh\.m2\repository\org\seleniumhq\selenium\selenium-devtools-v85\4.18.1\selenium-devtools-v85-4.18.1.jar;C:\Users\atulh\.m2\repository\org\seleniumhq\selenium\selenium-edge-driver\4.18.1\selenium-edge-driver-4.18.1.jar;C:\Users\atulh\.m2\repository\org\seleniumhq\selenium\selenium-firefox-driver\4.18.1\selenium-firefox-driver-4.18.1.jar;C:\Users\atulh\.m2\repository\org\seleniumhq\selenium\selenium-http\4.18.1\selenium-http-4.18.1.jar;C:\Users\atulh\.m2\repository\dev\failsafe\failsafe\3.3.2\failsafe-3.3.2.jar;C:\Users\atulh\.m2\repository\org\seleniumhq\selenium\selenium-ie-driver\4.18.1\selenium-ie-driver-4.18.1.jar;C:\Users\atulh\.m2\repository\org\seleniumhq\selenium\selenium-remote-driver\4.18.1\selenium-remote-driver-4.18.1.jar;C:\Users\atulh\.m2\repository\io\opentelemetry\semconv\opentelemetry-semconv\1.23.1-alpha\opentelemetry-semconv-1.23.1-alpha.jar;C:\Users\atulh\.m2\repository\io\opentelemetry\opentelemetry-api\1.35.0\opentelemetry-api-1.35.0.jar;C:\Users\atulh\.m2\repository\io\opentelemetry\opentelemetry-context\1.35.0\opentelemetry-context-1.35.0.jar;C:\Users\atulh\.m2\repository\io\opentelemetry\opentelemetry-exporter-logging\1.35.0\opentelemetry-exporter-logging-1.35.0.jar;C:\Users\atulh\.m2\repository\io\opentelemetry\opentelemetry-sdk-common\1.35.0\opentelemetry-sdk-common-1.35.0.jar;C:\Users\atulh\.m2\repository\io\opentelemetry\opentelemetry-sdk-extension-autoconfigure-spi\1.35.0\opentelemetry-sdk-extension-autoconfigure-spi-1.35.0.jar;C:\Users\atulh\.m2\repository\io\opentelemetry\opentelemetry-sdk-extension-autoconfigure\1.35.0\opentelemetry-sdk-extension-autoconfigure-1.35.0.jar;C:\Users\atulh\.m2\repository\io\opentelemetry\opentelemetry-api-events\1.35.0-alpha\opentelemetry-api-events-1.35.0-alpha.jar;C:\Users\atulh\.m2\repository\io\opentelemetry\opentelemetry-sdk-trace\1.35.0\opentelemetry-sdk-trace-1.35.0.jar;C:\Users\atulh\.m2\repository\io\opentelemetry\opentelemetry-extension-incubator\1.35.0-alpha\opentelemetry-extension-incubator-1.35.0-alpha.jar;C:\Users\atulh\.m2\repository\io\opentelemetry\opentelemetry-sdk\1.35.0\opentelemetry-sdk-1.35.0.jar;C:\Users\atulh\.m2\repository\io\opentelemetry\opentelemetry-sdk-metrics\1.35.0\opentelemetry-sdk-metrics-1.35.0.jar;C:\Users\atulh\.m2\repository\io\opentelemetry\opentelemetry-sdk-logs\1.35.0\opentelemetry-sdk-logs-1.35.0.jar;C:\Users\atulh\.m2\repository\net\bytebuddy\byte-buddy\1.14.12\byte-buddy-1.14.12.jar;C:\Users\atulh\.m2\repository\org\seleniumhq\selenium\selenium-os\4.18.1\selenium-os-4.18.1.jar;C:\Users\atulh\.m2\repository\org\apache\commons\commons-exec\1.3\commons-exec-1.3.jar;C:\Users\atulh\.m2\repository\org\seleniumhq\selenium\selenium-safari-driver\4.18.1\selenium-safari-driver-4.18.1.jar;C:\Users\atulh\.m2\repository\org\seleniumhq\selenium\selenium-support\4.18.1\selenium-support-4.18.1.jar;C:\Users\atulh\.m2\repository\org\testng\testng\7.7.1\testng-7.7.1.jar;C:\Users\atulh\.m2\repository\org\slf4j\slf4j-api\1.7.36\slf4j-api-1.7.36.jar;C:\Users\atulh\.m2\repository\com\beust\jcommander\1.82\jcommander-1.82.jar;C:\Users\atulh\.m2\repository\org\webjars\jquery\3.6.1\jquery-3.6.1.jar;C:\Users\atulh\.m2\repository\org\apache\poi\poi\4.1.2\poi-4.1.2.jar;C:\Users\atulh\.m2\repository\commons-codec\commons-codec\1.13\commons-codec-1.13.jar;C:\Users\atulh\.m2\repository\org\apache\commons\commons-collections4\4.4\commons-collections4-4.4.jar;C:\Users\atulh\.m2\repository\org\apache\commons\commons-math3\3.6.1\commons-math3-3.6.1.jar;C:\Users\atulh\.m2\repository\com\zaxxer\SparseBitSet\1.2\SparseBitSet-1.2.jar;C:\Users\atulh\.m2\repository\org\apache\poi\poi-ooxml\4.1.2\poi-ooxml-4.1.2.jar;C:\Users\atulh\.m2\repository\org\apache\commons\commons-compress\1.19\commons-compress-1.19.jar;C:\Users\atulh\.m2\repository\com\github\virtuald\curvesapi\1.06\curvesapi-1.06.jar;C:\Users\atulh\.m2\repository\org\apache\poi\poi-ooxml-schemas\4.1.2\poi-ooxml-schemas-4.1.2.jar;C:\Users\atulh\.m2\repository\org\apache\xmlbeans\xmlbeans\3.1.0\xmlbeans-3.1.0.jar;C:\Users\atulh\.m2\repository\commons-io\commons-io\2.11.0\commons-io-2.11.0.jar;C:\Users\atulh\.m2\repository\org\apache\maven\maven-core\3.9.6\maven-core-3.9.6.jar;C:\Users\atulh\.m2\repository\org\apache\maven\maven-model\3.9.6\maven-model-3.9.6.jar;C:\Users\atulh\.m2\repository\org\apache\maven\maven-settings\3.9.6\maven-settings-3.9.6.jar;C:\Users\atulh\.m2\repository\org\apache\maven\maven-settings-builder\3.9.6\maven-settings-builder-3.9.6.jar;C:\Users\atulh\.m2\repository\org\codehaus\plexus\plexus-sec-dispatcher\2.0\plexus-sec-dispatcher-2.0.jar;C:\Users\atulh\.m2\repository\org\codehaus\plexus\plexus-cipher\2.0\plexus-cipher-2.0.jar;C:\Users\atulh\.m2\repository\org\apache\maven\maven-builder-support\3.9.6\maven-builder-support-3.9.6.jar;C:\Users\atulh\.m2\repository\org\apache\maven\maven-repository-metadata\3.9.6\maven-repository-metadata-3.9.6.jar;C:\Users\atulh\.m2\repository\org\apache\maven\maven-artifact\3.9.6\maven-artifact-3.9.6.jar;C:\Users\atulh\.m2\repository\org\apache\maven\maven-plugin-api\3.9.6\maven-plugin-api-3.9.6.jar;C:\Users\atulh\.m2\repository\org\apache\maven\maven-model-builder\3.9.6\maven-model-builder-3.9.6.jar;C:\Users\atulh\.m2\repository\org\apache\maven\maven-resolver-provider\3.9.6\maven-resolver-provider-3.9.6.jar;C:\Users\atulh\.m2\repository\org\apache\maven\resolver\maven-resolver-impl\1.9.18\maven-resolver-impl-1.9.18.jar;C:\Users\atulh\.m2\repository\org\apache\maven\resolver\maven-resolver-named-locks\1.9.18\maven-resolver-named-locks-1.9.18.jar;C:\Users\atulh\.m2\repository\org\apache\maven\resolver\maven-resolver-api\1.9.18\maven-resolver-api-1.9.18.jar;C:\Users\atulh\.m2\repository\org\apache\maven\resolver\maven-resolver-spi\1.9.18\maven-resolver-spi-1.9.18.jar;C:\Users\atulh\.m2\repository\org\apache\maven\resolver\maven-resolver-util\1.9.18\maven-resolver-util-1.9.18.jar;C:\Users\atulh\.m2\repository\org\apache\maven\shared\maven-shared-utils\3.3.4\maven-shared-utils-3.3.4.jar;C:\Users\atulh\.m2\repository\org\eclipse\sisu\org.eclipse.sisu.plexus\0.9.0.M2\org.eclipse.sisu.plexus-0.9.0.M2.jar;C:\Users\atulh\.m2\repository\javax\annotation\javax.annotation-api\1.2\javax.annotation-api-1.2.jar;C:\Users\atulh\.m2\repository\org\eclipse\sisu\org.eclipse.sisu.inject\0.9.0.M2\org.eclipse.sisu.inject-0.9.0.M2.jar;C:\Users\atulh\.m2\repository\com\google\inject\guice\5.1.0\guice-5.1.0.jar;C:\Users\atulh\.m2\repository\aopalliance\aopalliance\1.0\aopalliance-1.0.jar;C:\Users\atulh\.m2\repository\com\google\guava\guava\32.0.1-jre\guava-32.0.1-jre.jar;C:\Users\atulh\.m2\repository\com\google\guava\failureaccess\1.0.1\failureaccess-1.0.1.jar;C:\Users\atulh\.m2\repository\javax\inject\javax.inject\1\javax.inject-1.jar;C:\Users\atulh\.m2\repository\org\codehaus\plexus\plexus-utils\3.5.1\plexus-utils-3.5.1.jar;C:\Users\atulh\.m2\repository\org\codehaus\plexus\plexus-classworlds\2.7.0\plexus-classworlds-2.7.0.jar;C:\Users\atulh\.m2\repository\org\codehaus\plexus\plexus-interpolation\1.26\plexus-interpolation-1.26.jar;C:\Users\atulh\.m2\repository\org\codehaus\plexus\plexus-component-annotations\2.1.0\plexus-component-annotations-2.1.0.jar;C:\Users\atulh\.m2\repository\org\apache\commons\commons-lang3\3.12.0\commons-lang3-3.12.0.jar;C:\Users\atulh\.m2\repository\com\aventstack\extentreports\5.1.1\extentreports-5.1.1.jar;C:\Users\atulh\.m2\repository\io\reactivex\rxjava3\rxjava\3.1.6\rxjava-3.1.6.jar;C:\Users\atulh\.m2\repository\org\reactivestreams\reactive-streams\1.0.4\reactive-streams-1.0.4.jar;C:\Users\atulh\.m2\repository\org\freemarker\freemarker\2.3.32\freemarker-2.3.32.jar;C:\Users\atulh\.m2\repository\org\projectlombok\lombok\1.18.26\lombok-1.18.26.jar;C:\Users\atulh\.m2\repository\com\google\code\gson\gson\2.10.1\gson-2.10.1.jar;"/>
    <property name="java.vm.vendor" value="Oracle Corporation"/>
    <property name="sun.arch.data.model" value="64"/>
    <property name="user.variant" value=""/>
    <property name="java.vendor.url" value="https://java.oracle.com/"/>
    <property name="user.timezone" value="Asia/Calcutta"/>
    <property name="os.name" value="Windows 11"/>
    <property name="java.vm.specification.version" value="21"/>
    <property name="user.country" value="IN"/>
    <property name="sun.java.launcher" value="SUN_STANDARD"/>
    <property name="sun.boot.library.path" value="C:\Program Files\Java\jdk-21\bin"/>
    <property name="sun.java.command" value="C:\Users\atulh\AppData\Local\Temp\surefire6731443793725538308\surefirebooter-20250308102950377_3.jar C:\Users\atulh\AppData\Local\Temp\surefire6731443793725538308 2025-03-08T10-29-50_247-jvmRun1 surefire-20250308102950377_1tmp surefire_0-20250308102950377_2tmp"/>
    <property name="jdk.debug" value="release"/>
    <property name="test" value="test_scripts.LoginUser#login"/>
    <property name="surefire.test.class.path" value="C:\Users\atulh\OneDrive\Desktop\Selenium\LoveLocal-master\LoveLocal-master\target\test-classes;C:\Users\atulh\OneDrive\Desktop\Selenium\LoveLocal-master\LoveLocal-master\target\classes;C:\Users\atulh\.m2\repository\org\seleniumhq\selenium\selenium-java\4.18.1\selenium-java-4.18.1.jar;C:\Users\atulh\.m2\repository\org\seleniumhq\selenium\selenium-api\4.18.1\selenium-api-4.18.1.jar;C:\Users\atulh\.m2\repository\org\seleniumhq\selenium\selenium-chrome-driver\4.18.1\selenium-chrome-driver-4.18.1.jar;C:\Users\atulh\.m2\repository\com\google\auto\service\auto-service-annotations\1.1.1\auto-service-annotations-1.1.1.jar;C:\Users\atulh\.m2\repository\org\seleniumhq\selenium\selenium-chromium-driver\4.18.1\selenium-chromium-driver-4.18.1.jar;C:\Users\atulh\.m2\repository\org\seleniumhq\selenium\selenium-json\4.18.1\selenium-json-4.18.1.jar;C:\Users\atulh\.m2\repository\org\seleniumhq\selenium\selenium-manager\4.18.1\selenium-manager-4.18.1.jar;C:\Users\atulh\.m2\repository\org\seleniumhq\selenium\selenium-devtools-v120\4.18.1\selenium-devtools-v120-4.18.1.jar;C:\Users\atulh\.m2\repository\org\seleniumhq\selenium\selenium-devtools-v121\4.18.1\selenium-devtools-v121-4.18.1.jar;C:\Users\atulh\.m2\repository\org\seleniumhq\selenium\selenium-devtools-v122\4.18.1\selenium-devtools-v122-4.18.1.jar;C:\Users\atulh\.m2\repository\org\seleniumhq\selenium\selenium-devtools-v85\4.18.1\selenium-devtools-v85-4.18.1.jar;C:\Users\atulh\.m2\repository\org\seleniumhq\selenium\selenium-edge-driver\4.18.1\selenium-edge-driver-4.18.1.jar;C:\Users\atulh\.m2\repository\org\seleniumhq\selenium\selenium-firefox-driver\4.18.1\selenium-firefox-driver-4.18.1.jar;C:\Users\atulh\.m2\repository\org\seleniumhq\selenium\selenium-http\4.18.1\selenium-http-4.18.1.jar;C:\Users\atulh\.m2\repository\dev\failsafe\failsafe\3.3.2\failsafe-3.3.2.jar;C:\Users\atulh\.m2\repository\org\seleniumhq\selenium\selenium-ie-driver\4.18.1\selenium-ie-driver-4.18.1.jar;C:\Users\atulh\.m2\repository\org\seleniumhq\selenium\selenium-remote-driver\4.18.1\selenium-remote-driver-4.18.1.jar;C:\Users\atulh\.m2\repository\io\opentelemetry\semconv\opentelemetry-semconv\1.23.1-alpha\opentelemetry-semconv-1.23.1-alpha.jar;C:\Users\atulh\.m2\repository\io\opentelemetry\opentelemetry-api\1.35.0\opentelemetry-api-1.35.0.jar;C:\Users\atulh\.m2\repository\io\opentelemetry\opentelemetry-context\1.35.0\opentelemetry-context-1.35.0.jar;C:\Users\atulh\.m2\repository\io\opentelemetry\opentelemetry-exporter-logging\1.35.0\opentelemetry-exporter-logging-1.35.0.jar;C:\Users\atulh\.m2\repository\io\opentelemetry\opentelemetry-sdk-common\1.35.0\opentelemetry-sdk-common-1.35.0.jar;C:\Users\atulh\.m2\repository\io\opentelemetry\opentelemetry-sdk-extension-autoconfigure-spi\1.35.0\opentelemetry-sdk-extension-autoconfigure-spi-1.35.0.jar;C:\Users\atulh\.m2\repository\io\opentelemetry\opentelemetry-sdk-extension-autoconfigure\1.35.0\opentelemetry-sdk-extension-autoconfigure-1.35.0.jar;C:\Users\atulh\.m2\repository\io\opentelemetry\opentelemetry-api-events\1.35.0-alpha\opentelemetry-api-events-1.35.0-alpha.jar;C:\Users\atulh\.m2\repository\io\opentelemetry\opentelemetry-sdk-trace\1.35.0\opentelemetry-sdk-trace-1.35.0.jar;C:\Users\atulh\.m2\repository\io\opentelemetry\opentelemetry-extension-incubator\1.35.0-alpha\opentelemetry-extension-incubator-1.35.0-alpha.jar;C:\Users\atulh\.m2\repository\io\opentelemetry\opentelemetry-sdk\1.35.0\opentelemetry-sdk-1.35.0.jar;C:\Users\atulh\.m2\repository\io\opentelemetry\opentelemetry-sdk-metrics\1.35.0\opentelemetry-sdk-metrics-1.35.0.jar;C:\Users\atulh\.m2\repository\io\opentelemetry\opentelemetry-sdk-logs\1.35.0\opentelemetry-sdk-logs-1.35.0.jar;C:\Users\atulh\.m2\repository\net\bytebuddy\byte-buddy\1.14.12\byte-buddy-1.14.12.jar;C:\Users\atulh\.m2\repository\org\seleniumhq\selenium\selenium-os\4.18.1\selenium-os-4.18.1.jar;C:\Users\atulh\.m2\repository\org\apache\commons\commons-exec\1.3\commons-exec-1.3.jar;C:\Users\atulh\.m2\repository\org\seleniumhq\selenium\selenium-safari-driver\4.18.1\selenium-safari-driver-4.18.1.jar;C:\Users\atulh\.m2\repository\org\seleniumhq\selenium\selenium-support\4.18.1\selenium-support-4.18.1.jar;C:\Users\atulh\.m2\repository\org\testng\testng\7.7.1\testng-7.7.1.jar;C:\Users\atulh\.m2\repository\org\slf4j\slf4j-api\1.7.36\slf4j-api-1.7.36.jar;C:\Users\atulh\.m2\repository\com\beust\jcommander\1.82\jcommander-1.82.jar;C:\Users\atulh\.m2\repository\org\webjars\jquery\3.6.1\jquery-3.6.1.jar;C:\Users\atulh\.m2\repository\org\apache\poi\poi\4.1.2\poi-4.1.2.jar;C:\Users\atulh\.m2\repository\commons-codec\commons-codec\1.13\commons-codec-1.13.jar;C:\Users\atulh\.m2\repository\org\apache\commons\commons-collections4\4.4\commons-collections4-4.4.jar;C:\Users\atulh\.m2\repository\org\apache\commons\commons-math3\3.6.1\commons-math3-3.6.1.jar;C:\Users\atulh\.m2\repository\com\zaxxer\SparseBitSet\1.2\SparseBitSet-1.2.jar;C:\Users\atulh\.m2\repository\org\apache\poi\poi-ooxml\4.1.2\poi-ooxml-4.1.2.jar;C:\Users\atulh\.m2\repository\org\apache\commons\commons-compress\1.19\commons-compress-1.19.jar;C:\Users\atulh\.m2\repository\com\github\virtuald\curvesapi\1.06\curvesapi-1.06.jar;C:\Users\atulh\.m2\repository\org\apache\poi\poi-ooxml-schemas\4.1.2\poi-ooxml-schemas-4.1.2.jar;C:\Users\atulh\.m2\repository\org\apache\xmlbeans\xmlbeans\3.1.0\xmlbeans-3.1.0.jar;C:\Users\atulh\.m2\repository\commons-io\commons-io\2.11.0\commons-io-2.11.0.jar;C:\Users\atulh\.m2\repository\org\apache\maven\maven-core\3.9.6\maven-core-3.9.6.jar;C:\Users\atulh\.m2\repository\org\apache\maven\maven-model\3.9.6\maven-model-3.9.6.jar;C:\Users\atulh\.m2\repository\org\apache\maven\maven-settings\3.9.6\maven-settings-3.9.6.jar;C:\Users\atulh\.m2\repository\org\apache\maven\maven-settings-builder\3.9.6\maven-settings-builder-3.9.6.jar;C:\Users\atulh\.m2\repository\org\codehaus\plexus\plexus-sec-dispatcher\2.0\plexus-sec-dispatcher-2.0.jar;C:\Users\atulh\.m2\repository\org\codehaus\plexus\plexus-cipher\2.0\plexus-cipher-2.0.jar;C:\Users\atulh\.m2\repository\org\apache\maven\maven-builder-support\3.9.6\maven-builder-support-3.9.6.jar;C:\Users\atulh\.m2\repository\org\apache\maven\maven-repository-metadata\3.9.6\maven-repository-metadata-3.9.6.jar;C:\Users\atulh\.m2\repository\org\apache\maven\maven-artifact\3.9.6\maven-artifact-3.9.6.jar;C:\Users\atulh\.m2\repository\org\apache\maven\maven-plugin-api\3.9.6\maven-plugin-api-3.9.6.jar;C:\Users\atulh\.m2\repository\org\apache\maven\maven-model-builder\3.9.6\maven-model-builder-3.9.6.jar;C:\Users\atulh\.m2\repository\org\apache\maven\maven-resolver-provider\3.9.6\maven-resolver-provider-3.9.6.jar;C:\Users\atulh\.m2\repository\org\apache\maven\resolver\maven-resolver-impl\1.9.18\maven-resolver-impl-1.9.18.jar;C:\Users\atulh\.m2\repository\org\apache\maven\resolver\maven-resolver-named-locks\1.9.18\maven-resolver-named-locks-1.9.18.jar;C:\Users\atulh\.m2\repository\org\apache\maven\resolver\maven-resolver-api\1.9.18\maven-resolver-api-1.9.18.jar;C:\Users\atulh\.m2\repository\org\apache\maven\resolver\maven-resolver-spi\1.9.18\maven-resolver-spi-1.9.18.jar;C:\Users\atulh\.m2\repository\org\apache\maven\resolver\maven-resolver-util\1.9.18\maven-resolver-util-1.9.18.jar;C:\Users\atulh\.m2\repository\org\apache\maven\shared\maven-shared-utils\3.3.4\maven-shared-utils-3.3.4.jar;C:\Users\atulh\.m2\repository\org\eclipse\sisu\org.eclipse.sisu.plexus\0.9.0.M2\org.eclipse.sisu.plexus-0.9.0.M2.jar;C:\Users\atulh\.m2\repository\javax\annotation\javax.annotation-api\1.2\javax.annotation-api-1.2.jar;C:\Users\atulh\.m2\repository\org\eclipse\sisu\org.eclipse.sisu.inject\0.9.0.M2\org.eclipse.sisu.inject-0.9.0.M2.jar;C:\Users\atulh\.m2\repository\com\google\inject\guice\5.1.0\guice-5.1.0.jar;C:\Users\atulh\.m2\repository\aopalliance\aopalliance\1.0\aopalliance-1.0.jar;C:\Users\atulh\.m2\repository\com\google\guava\guava\32.0.1-jre\guava-32.0.1-jre.jar;C:\Users\atulh\.m2\repository\com\google\guava\failureaccess\1.0.1\failureaccess-1.0.1.jar;C:\Users\atulh\.m2\repository\javax\inject\javax.inject\1\javax.inject-1.jar;C:\Users\atulh\.m2\repository\org\codehaus\plexus\plexus-utils\3.5.1\plexus-utils-3.5.1.jar;C:\Users\atulh\.m2\repository\org\codehaus\plexus\plexus-classworlds\2.7.0\plexus-classworlds-2.7.0.jar;C:\Users\atulh\.m2\repository\org\codehaus\plexus\plexus-interpolation\1.26\plexus-interpolation-1.26.jar;C:\Users\atulh\.m2\repository\org\codehaus\plexus\plexus-component-annotations\2.1.0\plexus-component-annotations-2.1.0.jar;C:\Users\atulh\.m2\repository\org\apache\commons\commons-lang3\3.12.0\commons-lang3-3.12.0.jar;C:\Users\atulh\.m2\repository\com\aventstack\extentreports\5.1.1\extentreports-5.1.1.jar;C:\Users\atulh\.m2\repository\io\reactivex\rxjava3\rxjava\3.1.6\rxjava-3.1.6.jar;C:\Users\atulh\.m2\repository\org\reactivestreams\reactive-streams\1.0.4\reactive-streams-1.0.4.jar;C:\Users\atulh\.m2\repository\org\freemarker\freemarker\2.3.32\freemarker-2.3.32.jar;C:\Users\atulh\.m2\repository\org\projectlombok\lombok\1.18.26\lombok-1.18.26.jar;C:\Users\atulh\.m2\repository\com\google\code\gson\gson\2.10.1\gson-2.10.1.jar;"/>
    <property name="sun.cpu.endian" value="little"/>
    <property name="user.home" value="C:\Users\atulh"/>
    <property name="user.language" value="en"/>
    <property name="java.specification.vendor" value="Oracle Corporation"/>
    <property name="java.version.date" value="2024-10-15"/>
    <property name="java.home" value="C:\Program Files\Java\jdk-21"/>
    <property name="file.separator" value="\"/>
    <property name="basedir" value="C:\Users\atulh\OneDrive\Desktop\Selenium\LoveLocal-master\LoveLocal-master"/>
    <property name="java.vm.compressedOopsMode" value="32-bit"/>
    <property name="line.separator" value="&#10;"/>
    <property name="java.vm.specification.vendor" value="Oracle Corporation"/>
    <property name="java.specification.name" value="Java Platform API Specification"/>
    <property name="surefire.real.class.path" value="C:\Users\atulh\AppData\Local\Temp\surefire6731443793725538308\surefirebooter-20250308102950377_3.jar"/>
    <property name="user.script" value=""/>
    <property name="sun.management.compiler" value="HotSpot 64-Bit Tiered Compilers"/>
    <property name="java.runtime.version" value="21.0.5+9-LTS-239"/>
    <property name="user.name" value="atulh"/>
    <property name="stdout.encoding" value="Cp1252"/>
    <property name="path.separator" value=";"/>
    <property name="os.version" value="10.0"/>
    <property name="java.runtime.name" value="Java(TM) SE Runtime Environment"/>
    <property name="file.encoding" value="UTF-8"/>
    <property name="java.vm.name" value="Java HotSpot(TM) 64-Bit Server VM"/>
    <property name="maven.ext.class.path" value="C:\Users\atulh\.vscode\extensions\oracle.oracle-java-23.1.0\nbcode\java\maven-nblib\netbeans-eventspy.jar"/>
    <property name="localRepository" value="C:\Users\atulh\.m2\repository"/>
    <property name="java.vendor.url.bug" value="https://bugreport.java.com/bugreport/"/>
    <property name="java.io.tmpdir" value="C:\Users\atulh\AppData\Local\Temp\"/>
    <property name="java.version" value="21.0.5"/>
    <property name="user.dir" value="C:\Users\atulh\OneDrive\Desktop\Selenium\LoveLocal-master\LoveLocal-master"/>
    <property name="os.arch" value="amd64"/>
    <property name="java.vm.specification.name" value="Java Virtual Machine Specification"/>
    <property name="sun.os.patch.level" value=""/>
    <property name="native.encoding" value="Cp1252"/>
    <property name="java.library.path" value="C:\Program Files\Java\jdk-21\bin;C:\Windows\Sun\Java\bin;C:\Windows\system32;C:\Windows;C:\Program Files\Common Files\Oracle\Java\javapath;C:\Windows\system32;C:\Windows;C:\Windows\System32\Wbem;C:\Windows\System32\WindowsPowerShell\v1.0\;C:\Windows\System32\OpenSSH\;C:\Program Files (x86)\Java\jdk1.8.0_191\bin;C:\Program Files\Java\jdk-21\bin;C:\Program Files\Git\cmd;C:\Users\atulh\AppData\Local\Microsoft\WindowsApps;C:\Users\atulh\AppData\Local\Programs\Microsoft VS Code\bin;."/>
    <property name="java.vm.info" value="mixed mode, sharing"/>
    <property name="stderr.encoding" value="Cp1252"/>
    <property name="java.vendor" value="Oracle Corporation"/>
    <property name="java.vm.version" value="21.0.5+9-LTS-239"/>
    <property name="sun.io.unicode.encoding" value="UnicodeLittle"/>
    <property name="java.class.version" value="65.0"/>
  </properties>
  <testcase name="login" classname="test_scripts.LoginUser" time="18.012">
    <system-out><![CDATA[Chrome Driver launch Susccessfully
Browser window is maximized succefully
User Mobile Number is 8655988520
Owhoo..! Test Pass
]]></system-out>
    <system-err><![CDATA[SLF4J: Failed to load class "org.slf4j.impl.StaticLoggerBinder".
SLF4J: Defaulting to no-operation (NOP) logger implementation
SLF4J: See http://www.slf4j.org/codes.html#StaticLoggerBinder for further details.
Mar 08, 2025 10:29:52 AM org.openqa.selenium.devtools.CdpVersionFinder findNearestMatch
WARNING: Unable to find CDP implementation matching 133
Mar 08, 2025 10:29:52 AM org.openqa.selenium.chromium.ChromiumDriver lambda$new$5
WARNING: Unable to find version of CDP to use for 133.0.6943.142. You may need to include a dependency on a specific version of the CDP using something similar to `org.seleniumhq.selenium:selenium-devtools-v86:4.18.1` where the version ("v86") matches the version of the chromium-based browser you're using and the version number of the artifact is the same as Selenium's.
]]></system-err>
  </testcase>
</testsuite>