<?xml version="1.0" encoding="UTF-8"?>
<!-- Generated by org.testng.reporters.JUnitReportReporter -->
<testsuite hostname="Atul" failures="0" tests="1" name="test_scripts.LoginUser" time="18.016" errors="0" timestamp="2025-03-08T10:30:18 IST" skipped="0">
  <testcase classname="test_scripts.LoginUser" name="login" time="18.016"/>
  <system-out/>
</testsuite> <!-- test_scripts.LoginUser -->
